Determining if the pthread_create exist failed with the following output:
Change Dir: /home/ronnyz/Documents/ROS/ROS-demo/demo04_ws/build/CMakeFiles/CMakeTmp

Run Build Command:"/usr/bin/make" "cmTC_d8067/fast"
/usr/bin/make -f CMakeFiles/cmTC_d8067.dir/build.make CMakeFiles/cmTC_d8067.dir/build
make[1]: Entering directory '/home/ronnyz/Documents/ROS/ROS-demo/demo04_ws/build/CMakeFiles/CMakeTmp'
Building C object CMakeFiles/cmTC_d8067.dir/CheckSymbolExists.c.o
/usr/bin/cc    -o CMakeFiles/cmTC_d8067.dir/CheckSymbolExists.c.o   -c /home/ronnyz/Documents/ROS/ROS-demo/demo04_ws/build/CMakeFiles/CMakeTmp/CheckSymbolExists.c
Linking C executable cmTC_d8067
/usr/bin/cmake -E cmake_link_script CMakeFiles/cmTC_d8067.dir/link.txt --verbose=1
/usr/bin/cc      -rdynamic CMakeFiles/cmTC_d8067.dir/CheckSymbolExists.c.o  -o cmTC_d8067 
CMakeFiles/cmTC_d8067.dir/CheckSymbolExists.c.o: In function `main':
CheckSymbolExists.c:(.text+0x1b): undefined reference to `pthread_create'
collect2: error: ld returned 1 exit status
CMakeFiles/cmTC_d8067.dir/build.make:97: recipe for target 'cmTC_d8067' failed
make[1]: *** [cmTC_d8067] Error 1
make[1]: Leaving directory '/home/ronnyz/Documents/ROS/ROS-demo/demo04_ws/build/CMakeFiles/CMakeTmp'
Makefile:126: recipe for target 'cmTC_d8067/fast' failed
make: *** [cmTC_d8067/fast] Error 2

File /home/ronnyz/Documents/ROS/ROS-demo/demo04_ws/build/CMakeFiles/CMakeTmp/CheckSymbolExists.c:
/* */
#include <pthread.h>

int main(int argc, char** argv)
{
  (void)argv;
#ifndef pthread_create
  return ((int*)(&pthread_create))[argc];
#else
  (void)argc;
  return 0;
#endif
}

Determining if the function pthread_create exists in the pthreads failed with the following output:
Change Dir: /home/ronnyz/Documents/ROS/ROS-demo/demo04_ws/build/CMakeFiles/CMakeTmp

Run Build Command:"/usr/bin/make" "cmTC_f6320/fast"
/usr/bin/make -f CMakeFiles/cmTC_f6320.dir/build.make CMakeFiles/cmTC_f6320.dir/build
make[1]: Entering directory '/home/ronnyz/Documents/ROS/ROS-demo/demo04_ws/build/CMakeFiles/CMakeTmp'
Building C object CMakeFiles/cmTC_f6320.dir/CheckFunctionExists.c.o
/usr/bin/cc   -DCHECK_FUNCTION_EXISTS=pthread_create   -o CMakeFiles/cmTC_f6320.dir/CheckFunctionExists.c.o   -c /usr/share/cmake-3.10/Modules/CheckFunctionExists.c
Linking C executable cmTC_f6320
/usr/bin/cmake -E cmake_link_script CMakeFiles/cmTC_f6320.dir/link.txt --verbose=1
/usr/bin/cc  -DCHECK_FUNCTION_EXISTS=pthread_create    -rdynamic CMakeFiles/cmTC_f6320.dir/CheckFunctionExists.c.o  -o cmTC_f6320 -lpthreads 
/usr/bin/ld: cannot find -lpthreads
collect2: error: ld returned 1 exit status
CMakeFiles/cmTC_f6320.dir/build.make:97: recipe for target 'cmTC_f6320' failed
make[1]: *** [cmTC_f6320] Error 1
make[1]: Leaving directory '/home/ronnyz/Documents/ROS/ROS-demo/demo04_ws/build/CMakeFiles/CMakeTmp'
Makefile:126: recipe for target 'cmTC_f6320/fast' failed
make: *** [cmTC_f6320/fast] Error 2


